{
  "RSpec": {
    "coverage": {
      "/Users/timfell/Documents/turing/2module/projects/LaughTracks/app/controllers/laugh_tracks_app.rb": [
        null,
        1,
        null,
        1,
        3,
        3,
        3,
        null,
        null,
        1,
        10,
        10,
        10,
        10,
        10,
        null,
        null,
        1,
        1,
        1,
        1,
        null,
        null,
        1,
        1,
        1,
        1,
        null,
        null,
        1,
        4,
        4,
        4,
        null,
        null,
        null
      ],
      "/Users/timfell/Documents/turing/2module/projects/LaughTracks/app/models/special.rb": [
        1,
        null,
        1,
        null,
        1,
        null,
        1,
        10,
        null,
        null,
        1,
        10,
        null,
        null,
        1,
        20,
        20,
        null,
        null,
        null
      ],
      "/Users/timfell/Documents/turing/2module/projects/LaughTracks/app/models/comedian.rb": [
        1,
        null,
        1,
        null,
        1,
        null,
        1,
        10,
        null,
        null,
        1,
        10,
        5,
        null,
        null,
        null,
        null,
        5,
        null,
        null,
        null,
        1,
        10,
        null,
        null,
        null
      ]
    },
    "timestamp": 1539010796
  }
}
